<?xml version="1.0" encoding="UTF-8"?>
<testsuite xmlns:xsi="http://www.w3.org/2001/XMLSchema-instance" xsi:noNamespaceSchemaLocation="https://maven.apache.org/surefire/maven-surefire-plugin/xsd/surefire-test-report-3.0.xsd" version="3.0" name="praktikum.BurgerTest" time="1.363" tests="7" errors="0" skipped="0" failures="0">
  <properties>
[...]
</properties>
  <testcase name="getReceiptBurgerTest" classname="praktikum.BurgerTest" time="1.283"/>
  <testcase name="setBunBurgerTest" classname="praktikum.BurgerTest" time="0.001"/>
  <testcase name="addTwoIngredientBurgerTest" classname="praktikum.BurgerTest" time="0.001"/>
  <testcase name="getPriceBurgerTest" classname="praktikum.BurgerTest" time="0.012"/>
  <testcase name="removeIngredientBurgerTest" classname="praktikum.BurgerTest" time="0.0"/>
  <testcase name="addOneIngredientBurgerTest" classname="praktikum.BurgerTest" time="0.0"/>
  <testcase name="moveIngredientBurgerTest" classname="praktikum.BurgerTest" time="0.004"/>
</testsuite>